0 info it worked if it ends with ok
1 verbose cli [ 'C:\\Program Files\\nodejs\\node.exe',
1 verbose cli   'C:\\Program Files\\nodejs\\node_modules\\npm\\bin\\npm-cli.js',
1 verbose cli   'run',
1 verbose cli   'build' ]
2 info using npm@3.10.10
3 info using node@v6.10.1
4 verbose run-script [ 'prebuild', 'build', 'postbuild' ]
5 info lifecycle testApp@1.0.0~prebuild: testApp@1.0.0
6 silly lifecycle testApp@1.0.0~prebuild: no script for prebuild, continuing
7 info lifecycle testApp@1.0.0~build: testApp@1.0.0
8 verbose lifecycle testApp@1.0.0~build: unsafe-perm in lifecycle true
9 verbose lifecycle testApp@1.0.0~build: PATH: C:\Program Files\nodejs\node_modules\npm\bin\node-gyp-bin;E:\coding\test_app\node_modules\.bin;C:\Users\Vladislav\bin;C:\Program Files\Git\mingw32\bin;C:\Program Files\Git\usr\local\bin;C:\Program Files\Git\usr\bin;C:\Program Files\Git\usr\bin;C:\Program Files\Git\mingw32\bin;C:\Program Files\Git\usr\bin;C:\Users\Vladislav\bin;C:\Windows\system32;C:\Windows;C:\Windows\System32\Wbem;C:\Windows\System32\WindowsPowerShell\v1.0;C:\Program Files\Git\cmd;C:\Program Files\nodejs;C:\Python27;C:\Python27\Scripts;C:\Program Files\Windows Kits\8.1\Windows Performance Toolkit;C:\Windows\system32\config\systemprofile\.dnx\bin;C:\Program Files\Microsoft DNX\Dnvm;C:\Program Files\Skype\Phone;C:\Program Files\Yarn\bin;C:\Users\Vladislav\AppData\Roaming\npm;C:\Users\Vladislav\AppData\Local\.meteor;C:\Users\Vladislav\AppData\Local\Yarn\.bin;C:\Program Files\Git\usr\bin\vendor_perl;C:\Program Files\Git\usr\bin\core_perl
10 verbose lifecycle testApp@1.0.0~build: CWD: E:\coding\test_app
11 silly lifecycle testApp@1.0.0~build: Args: [ '/d /s /c',
11 silly lifecycle   'rimraf dist && webpack --bail --progress --profile' ]
12 silly lifecycle testApp@1.0.0~build: Returned: code: 2  signal: null
13 info lifecycle testApp@1.0.0~build: Failed to exec build script
14 verbose stack Error: testApp@1.0.0 build: `rimraf dist && webpack --bail --progress --profile`
14 verbose stack Exit status 2
14 verbose stack     at EventEmitter.<anonymous> (C:\Program Files\nodejs\node_modules\npm\lib\utils\lifecycle.js:255:16)
14 verbose stack     at emitTwo (events.js:106:13)
14 verbose stack     at EventEmitter.emit (events.js:191:7)
14 verbose stack     at ChildProcess.<anonymous> (C:\Program Files\nodejs\node_modules\npm\lib\utils\spawn.js:40:14)
14 verbose stack     at emitTwo (events.js:106:13)
14 verbose stack     at ChildProcess.emit (events.js:191:7)
14 verbose stack     at maybeClose (internal/child_process.js:886:16)
14 verbose stack     at Process.ChildProcess._handle.onexit (internal/child_process.js:226:5)
15 verbose pkgid testApp@1.0.0
16 verbose cwd E:\coding\test_app
17 error Windows_NT 6.3.9600
18 error argv "C:\\Program Files\\nodejs\\node.exe" "C:\\Program Files\\nodejs\\node_modules\\npm\\bin\\npm-cli.js" "run" "build"
19 error node v6.10.1
20 error npm  v3.10.10
21 error code ELIFECYCLE
22 error testApp@1.0.0 build: `rimraf dist && webpack --bail --progress --profile`
22 error Exit status 2
23 error Failed at the testApp@1.0.0 build script 'rimraf dist && webpack --bail --progress --profile'.
23 error Make sure you have the latest version of node.js and npm installed.
23 error If you do, this is most likely a problem with the testApp package,
23 error not with npm itself.
23 error Tell the author that this fails on your system:
23 error     rimraf dist && webpack --bail --progress --profile
23 error You can get information on how to open an issue for this project with:
23 error     npm bugs testApp
23 error Or if that isn't available, you can get their info via:
23 error     npm owner ls testApp
23 error There is likely additional logging output above.
24 verbose exit [ 1, true ]
